# JRE version: OpenJDK Runtime Environment (8.0_152-b06) (build 1.8.0_152-release-1136-b06)
# Java VM: OpenJDK 64-Bit Server VM (25.152-b06 mixed mode linux-amd64 compressed oops)
Heap:
 PSYoungGen      total 128000K, used 10220K [0x00000000d7180000, 0x00000000dfe00000, 0x0000000100000000)
  eden space 117760K, 0% used [0x00000000d7180000,0x00000000d7180000,0x00000000de480000)
  from space 10240K, 99% used [0x00000000dea00000,0x00000000df3fb388,0x00000000df400000)
  to   space 6144K, 0% used [0x00000000df800000,0x00000000df800000,0x00000000dfe00000)
 ParOldGen       total 51200K, used 12401K [0x0000000085400000, 0x0000000088600000, 0x00000000d7180000)
  object space 51200K, 24% used [0x0000000085400000,0x000000008601c558,0x0000000088600000)
 Metaspace       used 33624K, capacity 34122K, committed 34304K, reserved 1079296K
  class space    used 4884K, capacity 5101K, committed 5120K, reserved 1048576K
GC Heap History (10 events):
Event: 3,454 GC heap after
Heap after GC invocations=3 (full 0):
 PSYoungGen      total 36864K, used 5091K [0x00000000d7180000, 0x00000000db980000, 0x0000000100000000)
  eden space 31744K, 0% used [0x00000000d7180000,0x00000000d7180000,0x00000000d9080000)
  from space 5120K, 99% used [0x00000000d9080000,0x00000000d9578f90,0x00000000d9580000)
  to   space 5120K, 0% used [0x00000000db480000,0x00000000db480000,0x00000000db980000)
 ParOldGen       total 84992K, used 1897K [0x0000000085400000, 0x000000008a700000, 0x00000000d7180000)
  object space 84992K, 2% used [0x0000000085400000,0x00000000855da470,0x000000008a700000)
 Metaspace       used 13127K, capacity 13392K, committed 13568K, reserved 1060864K
  class space    used 1868K, capacity 1984K, committed 2048K, reserved 1048576K
}
Event: 24,626 GC heap before
{Heap before GC invocations=4 (full 0):
 PSYoungGen      total 36864K, used 36835K [0x00000000d7180000, 0x00000000db980000, 0x0000000100000000)
  eden space 31744K, 100% used [0x00000000d7180000,0x00000000d9080000,0x00000000d9080000)
  from space 5120K, 99% used [0x00000000d9080000,0x00000000d9578f90,0x00000000d9580000)
  to   space 5120K, 0% used [0x00000000db480000,0x00000000db480000,0x00000000db980000)
 ParOldGen       total 84992K, used 1897K [0x0000000085400000, 0x000000008a700000, 0x00000000d7180000)
  object space 84992K, 2% used [0x0000000085400000,0x00000000855da470,0x000000008a700000)
 Metaspace       used 16241K, capacity 16544K, committed 16896K, reserved 1062912K
  class space    used 2354K, capacity 2506K, committed 2560K, reserved 1048576K
Event: 24,645 GC heap after
Heap after GC invocations=4 (full 0):
 PSYoungGen      total 68608K, used 5088K [0x00000000d7180000, 0x00000000db980000, 0x0000000100000000)
  eden space 63488K, 0% used [0x00000000d7180000,0x00000000d7180000,0x00000000daf80000)
  from space 5120K, 99% used [0x00000000db480000,0x00000000db978030,0x00000000db980000)
  to   space 5120K, 0% used [0x00000000daf80000,0x00000000daf80000,0x00000000db480000)
 ParOldGen       total 84992K, used 4740K [0x0000000085400000, 0x000000008a700000, 0x00000000d7180000)
  object space 84992K, 5% used [0x0000000085400000,0x00000000858a11d8,0x000000008a700000)
 Metaspace       used 16241K, capacity 16544K, committed 16896K, reserved 1062912K
  class space    used 2354K, capacity 2506K, committed 2560K, reserved 1048576K
}
Event: 25,321 GC heap before
{Heap before GC invocations=5 (full 0):
 PSYoungGen      total 68608K, used 32209K [0x00000000d7180000, 0x00000000db980000, 0x0000000100000000)
  eden space 63488K, 42% used [0x00000000d7180000,0x00000000d8bfc590,0x00000000daf80000)
  from space 5120K, 99% used [0x00000000db480000,0x00000000db978030,0x00000000db980000)
  to   space 5120K, 0% used [0x00000000daf80000,0x00000000daf80000,0x00000000db480000)
 ParOldGen       total 84992K, used 4740K [0x0000000085400000, 0x000000008a700000, 0x00000000d7180000)
  object space 84992K, 5% used [0x0000000085400000,0x00000000858a11d8,0x000000008a700000)
 Metaspace       used 20782K, capacity 21126K, committed 21248K, reserved 1067008K
  class space    used 2912K, capacity 3051K, committed 3072K, reserved 1048576K
Event: 25,360 GC heap after
Heap after GC invocations=5 (full 0):
 PSYoungGen      total 68608K, used 5108K [0x00000000d7180000, 0x00000000e0280000, 0x0000000100000000)
  eden space 63488K, 0% used [0x00000000d7180000,0x00000000d7180000,0x00000000daf80000)
  from space 5120K, 99% used [0x00000000daf80000,0x00000000db47d050,0x00000000db480000)
  to   space 10752K, 0% used [0x00000000df800000,0x00000000df800000,0x00000000e0280000)
 ParOldGen       total 84992K, used 8820K [0x0000000085400000, 0x000000008a700000, 0x00000000d7180000)
  object space 84992K, 10% used [0x0000000085400000,0x0000000085c9d230,0x000000008a700000)
 Metaspace       used 20782K, capacity 21126K, committed 21248K, reserved 1067008K
  class space    used 2912K, capacity 3051K, committed 3072K, reserved 1048576K
}
Event: 25,360 GC heap before
{Heap before GC invocations=6 (full 1):
 PSYoungGen      total 68608K, used 5108K [0x00000000d7180000, 0x00000000e0280000, 0x0000000100000000)
  eden space 63488K, 0% used [0x00000000d7180000,0x00000000d7180000,0x00000000daf80000)
  from space 5120K, 99% used [0x00000000daf80000,0x00000000db47d050,0x00000000db480000)
  to   space 10752K, 0% used [0x00000000df800000,0x00000000df800000,0x00000000e0280000)
 ParOldGen       total 84992K, used 8820K [0x0000000085400000, 0x000000008a700000, 0x00000000d7180000)
  object space 84992K, 10% used [0x0000000085400000,0x0000000085c9d230,0x000000008a700000)
 Metaspace       used 20782K, capacity 21126K, committed 21248K, reserved 1067008K
  class space    used 2912K, capacity 3051K, committed 3072K, reserved 1048576K
Event: 25,463 GC heap after
Heap after GC invocations=6 (full 1):
 PSYoungGen      total 68608K, used 0K [0x00000000d7180000, 0x00000000e0280000, 0x0000000100000000)
  eden space 63488K, 0% used [0x00000000d7180000,0x00000000d7180000,0x00000000daf80000)
  from space 5120K, 0% used [0x00000000daf80000,0x00000000daf80000,0x00000000db480000)
  to   space 10752K, 0% used [0x00000000df800000,0x00000000df800000,0x00000000e0280000)
 ParOldGen       total 51200K, used 9147K [0x0000000085400000, 0x0000000088600000, 0x00000000d7180000)
  object space 51200K, 17% used [0x0000000085400000,0x0000000085ceed98,0x0000000088600000)
 Metaspace       used 20782K, capacity 21126K, committed 21248K, reserved 1067008K
  class space    used 2912K, capacity 3051K, committed 3072K, reserved 1048576K
}
Event: 27,107 GC heap before
{Heap before GC invocations=7 (full 1):
 PSYoungGen      total 68608K, used 63488K [0x00000000d7180000, 0x00000000e0280000, 0x0000000100000000)
  eden space 63488K, 100% used [0x00000000d7180000,0x00000000daf80000,0x00000000daf80000)
  from space 5120K, 0% used [0x00000000daf80000,0x00000000daf80000,0x00000000db480000)
  to   space 10752K, 0% used [0x00000000df800000,0x00000000df800000,0x00000000e0280000)
 ParOldGen       total 51200K, used 9147K [0x0000000085400000, 0x0000000088600000, 0x00000000d7180000)
  object space 51200K, 17% used [0x0000000085400000,0x0000000085ceed98,0x0000000088600000)
 Metaspace       used 25474K, capacity 25790K, committed 26240K, reserved 1071104K
  class space    used 3698K, capacity 3855K, committed 3968K, reserved 1048576K
Event: 27,152 GC heap after
Heap after GC invocations=7 (full 1):
 PSYoungGen      total 123904K, used 6049K [0x00000000d7180000, 0x00000000dfe00000, 0x0000000100000000)
  eden space 117760K, 0% used [0x00000000d7180000,0x00000000d7180000,0x00000000de480000)
  from space 6144K, 98% used [0x00000000df800000,0x00000000dfde8650,0x00000000dfe00000)
  to   space 10240K, 0% used [0x00000000dea00000,0x00000000dea00000,0x00000000df400000)
 ParOldGen       total 51200K, used 9155K [0x0000000085400000, 0x0000000088600000, 0x00000000d7180000)
  object space 51200K, 17% used [0x0000000085400000,0x0000000085cf0d98,0x0000000088600000)
 Metaspace       used 25474K, capacity 25790K, committed 26240K, reserved 1071104K
  class space    used 3698K, capacity 3855K, committed 3968K, reserved 1048576K
}
Event: 37,488 GC heap before
{Heap before GC invocations=8 (full 1):
 PSYoungGen      total 123904K, used 123809K [0x00000000d7180000, 0x00000000dfe00000, 0x0000000100000000)
  eden space 117760K, 100% used [0x00000000d7180000,0x00000000de480000,0x00000000de480000)
  from space 6144K, 98% used [0x00000000df800000,0x00000000dfde8650,0x00000000dfe00000)
  to   space 10240K, 0% used [0x00000000dea00000,0x00000000dea00000,0x00000000df400000)
 ParOldGen       total 51200K, used 9155K [0x0000000085400000, 0x0000000088600000, 0x00000000d7180000)
  object space 51200K, 17% used [0x0000000085400000,0x0000000085cf0d98,0x0000000088600000)
 Metaspace       used 33624K, capacity 34122K, committed 34304K, reserved 1079296K
  class space    used 4884K, capacity 5101K, committed 5120K, reserved 1048576K

